[19-52-26] 
[string "View/Scene/SceneMain.lua"]:8: module 'Scene.SceneBase' not found:
	no field package.preload['Scene.SceneBase']
	no file '.\Scene\SceneBase.lua'
	no file 'D:\work\project\program\client\game\simulator\win32\lua\Scene\SceneBase.lua'
	no file 'D:\work\project\program\client\game\simulator\win32\lua\Scene\SceneBase\init.lua'
	no file 'D:\Program Files (x86)\Lua\5.1\lua\Scene\SceneBase.luac'
	no file '.\Scene\SceneBase.dll'
	no file 'D:\work\project\program\client\game\simulator\win32\Scene\SceneBase.dll'
	no file 'D:\work\project\program\client\game\simulator\win32\loadall.dll'
	no file '.\Scene.dll'
	no file 'D:\work\project\program\client\game\simulator\win32\Scene.dll'
	no file 'D:\work\project\program\client\game\simulator\win32\loadall.dll'
stack traceback:
	[string "View/Scene/SceneMain.lua"]:8: in main chunk
	[C]: in function 'require'
	[string "View/Scene/SceneDefinition.lua"]:19: in main chunk
	[C]: in function 'require'
	[string "Manager/SceneManager.lua"]:8: in main chunk
	[C]: in function 'require'
	[string "RequireLua.lua"]:33: in main chunk
	[C]: in function 'require'
	[string "D:/work/project/program/client/game//src/Main..."]:84: in function <[string "D:/work/project/program/client/game//src/Main..."]:75>
	[C]: in function 'xpcall'
	[string "D:/work/project/program/client/game//src/Main..."]:169: in main chunk
