[19-45-55] 
[string "Manager/LayoutManager.lua"]:8: module 'Layout.LayoutDefinition' not found:
	no field package.preload['Layout.LayoutDefinition']
	no file '.\Layout\LayoutDefinition.lua'
	no file 'D:\work\project\program\client\game\simulator\win32\lua\Layout\LayoutDefinition.lua'
	no file 'D:\work\project\program\client\game\simulator\win32\lua\Layout\LayoutDefinition\init.lua'
	no file 'D:\Program Files (x86)\Lua\5.1\lua\Layout\LayoutDefinition.luac'
	no file '.\Layout\LayoutDefinition.dll'
	no file 'D:\work\project\program\client\game\simulator\win32\Layout\LayoutDefinition.dll'
	no file 'D:\work\project\program\client\game\simulator\win32\loadall.dll'
	no file '.\Layout.dll'
	no file 'D:\work\project\program\client\game\simulator\win32\Layout.dll'
	no file 'D:\work\project\program\client\game\simulator\win32\loadall.dll'
stack traceback:
	[string "Manager/LayoutManager.lua"]:8: in main chunk
	[C]: in function 'require'
	[string "RequireLua.lua"]:32: in main chunk
	[C]: in function 'require'
	[string "D:/work/project/program/client/game//src/Main..."]:84: in function <[string "D:/work/project/program/client/game//src/Main..."]:75>
	[C]: in function 'xpcall'
	[string "D:/work/project/program/client/game//src/Main..."]:169: in main chunk
